<?xml version="1.0" encoding="UTF-8"?>
<!-- Generated by org.testng.reporters.JUnitReportReporter -->
<testsuite hostname="DESKTOP-VGS2NA1" failures="0" tests="1" name="testngexamples.Example4" time="0.040" errors="0" timestamp="2022-10-19T09:10:27 IST" skipped="0">
  <testcase classname="testngexamples.Example4" name="testCase" time="0.040"/>
  <system-out/>
</testsuite> <!-- testngexamples.Example4 -->
