<?xml version="1.0" encoding="UTF-8"?>
<!-- Generated by org.testng.reporters.JUnitReportReporter -->
<testsuite hostname="DESKTOP-VGS2NA1" failures="0" tests="2" name="testngexamples.Example5" time="0.046" errors="0" timestamp="2022-10-19T09:54:36 IST" skipped="0">
  <testcase classname="testngexamples.Example5" name="testCase5" time="0.037"/>
  <system-out/>
  <testcase classname="testngexamples.Example5" name="testCase6" time="0.009"/>
  <system-out/>
</testsuite> <!-- testngexamples.Example5 -->
