<?xml version="1.0" encoding="UTF-8"?>
<!-- Generated by org.testng.reporters.JUnitReportReporter -->
<testsuite hostname="DESKTOP-VGS2NA1" failures="0" tests="5" name="testngexamples.Example_para1" time="0.101" errors="0" timestamp="2022-10-20T14:41:35 IST" skipped="0">
  <testcase classname="testngexamples.Example_para1" name="para1" time="0.009"/>
  <system-out/>
  <testcase classname="testngexamples.Example_para1" name="para1" time="0.008"/>
  <system-out/>
  <testcase classname="testngexamples.Example_para1" name="para1" time="0.016"/>
  <system-out/>
  <testcase classname="testngexamples.Example_para1" name="para1" time="0.057"/>
  <system-out/>
  <testcase classname="testngexamples.Example_para1" name="para1" time="0.011"/>
  <system-out/>
</testsuite> <!-- testngexamples.Example_para1 -->
