<?xml version="1.0" encoding="UTF-8"?>
<!-- Generated by org.testng.reporters.JUnitReportReporter -->
<testsuite hostname="DESKTOP-VGS2NA1" failures="0" tests="2" name="testngexamples.Example_Annotation1" time="0.050" errors="0" timestamp="2022-10-19T20:05:16 IST" skipped="0">
  <testcase classname="testngexamples.Example_Annotation1" name="verifyLogin" time="0.045"/>
  <system-out/>
  <testcase classname="testngexamples.Example_Annotation1" name="createTask" time="0.005"/>
  <system-out/>
</testsuite> <!-- testngexamples.Example_Annotation1 -->
