<?xml version="1.0" encoding="UTF-8"?>
<!-- Generated by org.testng.reporters.JUnitReportReporter -->
<testsuite hostname="DESKTOP-VGS2NA1" failures="0" tests="1" name="testngexamples.Sample2" time="0.036" errors="0" timestamp="2022-10-19T07:48:24 IST" skipped="0">
  <testcase classname="testngexamples.Sample2" name="regressionTC1" time="0.036"/>
  <system-out/>
</testsuite> <!-- testngexamples.Sample2 -->
