<?xml version="1.0" encoding="UTF-8"?>
<!-- Generated by org.testng.reporters.JUnitReportReporter -->
<testsuite hostname="DESKTOP-VGS2NA1" failures="0" tests="1" name="testngexamples.Sample1" time="0.050" errors="0" timestamp="2022-10-19T07:47:53 IST" skipped="0">
  <testcase classname="testngexamples.Sample1" name="smokeTC1" time="0.050"/>
  <system-out/>
</testsuite> <!-- testngexamples.Sample1 -->
