<?xml version="1.0" encoding="UTF-8"?>
<!-- Generated by org.testng.reporters.JUnitReportReporter -->
<testsuite hostname="DESKTOP-VGS2NA1" failures="0" tests="1" name="testngexamples.Example7" time="89.058" errors="0" timestamp="2022-10-19T22:25:09 IST" skipped="0">
  <testcase classname="testngexamples.Example7" name="loginLogoutInActitimeApplication" time="89.058"/>
  <system-out/>
</testsuite> <!-- testngexamples.Example7 -->
