<?xml version="1.0" encoding="UTF-8"?>
<!-- Generated by org.testng.reporters.JUnitReportReporter -->
<testsuite hostname="DESKTOP-VGS2NA1" failures="0" tests="1" name="testngexamples.Example3" time="2.038" errors="0" timestamp="2022-10-19T09:14:31 IST" skipped="0">
  <testcase classname="testngexamples.Example3" name="testCase3" time="2.038"/>
  <system-out/>
</testsuite> <!-- testngexamples.Example3 -->
