<?xml version="1.0" encoding="UTF-8"?>
<!-- Generated by org.testng.reporters.JUnitReportReporter -->
<testsuite hostname="DESKTOP-VGS2NA1" failures="0" tests="2" name="testngexamples.Example_Annotations2" time="0.063" errors="0" timestamp="2022-10-19T20:35:44 IST" skipped="0">
  <testcase classname="testngexamples.Example_Annotations2" name="verifyLogin" time="0.051"/>
  <system-out/>
  <testcase classname="testngexamples.Example_Annotations2" name="createTask" time="0.012"/>
  <system-out/>
</testsuite> <!-- testngexamples.Example_Annotations2 -->
