<?xml version="1.0" encoding="UTF-8"?>
<!-- Generated by org.testng.reporters.JUnitReportReporter -->
<testsuite hostname="DESKTOP-VGS2NA1" failures="0" tests="2" name="testngexamples.Example6" time="0.050" errors="0" timestamp="2022-10-19T10:10:50 IST" skipped="0">
  <testcase classname="testngexamples.Example6" name="testCase7" time="0.042"/>
  <system-out/>
  <testcase classname="testngexamples.Example6" name="testCase8" time="0.008"/>
  <system-out/>
</testsuite> <!-- testngexamples.Example6 -->
