<?xml version="1.0" encoding="UTF-8"?>
<!-- Generated by org.testng.reporters.JUnitReportReporter -->
<testsuite hostname="DESKTOP-VGS2NA1" failures="0" tests="1" name="testngexamples.Example2" time="0.046" errors="0" timestamp="2022-10-19T09:06:39 IST" skipped="0">
  <testcase classname="testngexamples.Example2" name="testCase2" time="0.046"/>
  <system-out/>
</testsuite> <!-- testngexamples.Example2 -->
