<?xml version="1.0" encoding="UTF-8"?>
<!-- Generated by org.testng.reporters.JUnitReportReporter -->
<testsuite hostname="DESKTOP-VGS2NA1" failures="0" tests="3" name="testngexamples.Example_para2" time="0.047" errors="0" timestamp="2022-10-20T14:52:22 IST" skipped="0">
  <testcase classname="testngexamples.Example_para2" name="ligin" time="0.038"/>
  <system-out/>
  <testcase classname="testngexamples.Example_para2" name="sendEmail" time="0.004"/>
  <system-out/>
  <testcase classname="testngexamples.Example_para2" name="logout" time="0.005"/>
  <system-out/>
</testsuite> <!-- testngexamples.Example_para2 -->
