<?xml version="1.0" encoding="UTF-8"?>
<!-- Generated by org.testng.reporters.JUnitReportReporter -->
<testsuite hostname="DESKTOP-VGS2NA1" failures="0" tests="3" name="testngexamples.Example_para3" time="0.044" errors="0" timestamp="2022-10-20T15:05:59 IST" skipped="1">
  <testcase classname="testngexamples.Example_para3" name="para2" time="0.006"/>
  <system-out/>
  <testcase classname="testngexamples.Example_para3" name="para1" time="0.038"/>
  <system-out/>
  <testcase classname="testngexamples.Example_para3" name="para3">
    <skipped/>
  </testcase> <!-- para3 -->
  <system-out/>
</testsuite> <!-- testngexamples.Example_para3 -->
